Generating train split: 0 examples [00:00, ? examples/s]Map:   0%|          | 0/128434 [00:00<?, ? examples/s]
 [32110/32110 1:41:00, Epoch 2/2]
Step	Training Loss
500	1.468600
1000	0.736300
1500	0.694800
2000	0.641300
2500	0.618900
3000	0.601900
3500	0.576200
4000	0.564100
4500	0.537700
5000	0.530200
5500	0.533400
6000	0.515400
6500	0.506600
7000	0.497100
7500	0.485700
8000	0.487800
8500	0.476400
9000	0.464100
9500	0.464000
10000	0.459200
10500	0.460100
11000	0.453700
11500	0.450300
12000	0.439400
12500	0.434100
13000	0.432700
13500	0.422000
14000	0.428500
14500	0.430800
15000	0.424500
15500	0.424100
16000	0.412200
16500	0.407200
17000	0.397700
17500	0.402900
18000	0.396700
18500	0.395700
19000	0.394100
19500	0.389100
20000	0.385000
20500	0.401300
21000	0.387900
21500	0.379600
22000	0.381600
22500	0.379800
23000	0.383700
23500	0.384600
24000	0.369800
24500	0.375600
25000	0.371200
25500	0.372000
26000	0.369000
26500	0.370800
27000	0.366200
27500	0.373200
28000	0.368600
28500	0.364200
29000	0.366600
29500	0.367800
30000	0.363700
30500	0.360900
31000	0.369400
31500	0.363100
32000	0.362000

('./bart_traducido_final/tokenizer_config.json',
 './bart_traducido_final/special_tokens_map.json',
 './bart_traducido_final/vocab.json',
 './bart_traducido_final/merges.txt',
 './bart_traducido_final/added_tokens.json')

* Serving Flask app 'app'
 * Debug mode: on
WARNING: This is a development server. Do not use it in a production deployment. Use a production WSGI server instead.
 * Running on http://127.0.0.1:5000

 * Debugger is active!
 * Debugger PIN: 802-262

127.0.0.1 - - [22/Sep/2025 22:47:12] "GET / HTTP/1.1" 200 -
127.0.0.1 - - [22/Sep/2025 22:47:12] "GET /static/Logo_UNI.png HTTP/1.1" 200 -
127.0.0.1 - - [22/Sep/2025 22:47:12] "GET /favicon.ico HTTP/1.1" 404 -
127.0.0.1 - - [22/Sep/2025 22:53:30] "GET / HTTP/1.1" 200 -
127.0.0.1 - - [22/Sep/2025 22:53:30] "GET /static/Logo_UNI.png HTTP/1.1" 200 -
127.0.0.1 - - [22/Sep/2025 22:53:31] "GET /favicon.ico HTTP/1.1" 404 -



